<?xml version="1.0" encoding="UTF-8"?>
<!-- Generated by org.testng.reporters.JUnitReportReporter -->
<testsuite hostname="LAPTOP-7B54J0QD" failures="0" tests="2" name="com.vtiger.testcases.TC01_LoginPageTest" time="9.816" errors="0" timestamp="2023-11-09T20:46:07 IST" skipped="1">
  <testcase classname="com.vtiger.testcases.TC01_LoginPageTest" name="verifyLoginPage" time="9.816"/>
  <system-out/>
  <testcase classname="com.vtiger.testcases.TC01_LoginPageTest" name="verifyHomePage">
    <skipped/>
  </testcase> <!-- verifyHomePage -->
  <system-out/>
</testsuite> <!-- com.vtiger.testcases.TC01_LoginPageTest -->
