<?xml version="1.0" encoding="UTF-8"?>
<!-- Generated by org.testng.reporters.JUnitReportReporter -->
<testsuite hostname="LAPTOP-7B54J0QD" failures="0" tests="1" name="contactTests.CreateContactWithOrgTest" time="27.637" errors="0" timestamp="2023-11-13T13:07:48 IST" skipped="0">
  <testcase classname="contactTests.CreateContactWithOrgTest" name="CreateNewContactWithOrgTest" time="27.637"/>
  <system-out/>
</testsuite> <!-- contactTests.CreateContactWithOrgTest -->
