<?xml version="1.0" encoding="UTF-8"?>
<!-- Generated by org.testng.reporters.JUnitReportReporter -->
<testsuite hostname="LAPTOP-7B54J0QD" failures="0" tests="1" name="contactTests.CreateContactTest" time="23.709" errors="0" timestamp="2023-11-09T21:09:47 IST" skipped="0">
  <testcase classname="contactTests.CreateContactTest" name="CreateNewContactTest" time="23.709"/>
  <system-out/>
</testsuite> <!-- contactTests.CreateContactTest -->
